==========================================
SLURM_JOB_ID = 2534788
SLURM_JOB_NODELIST = b11-09
TMPDIR = /tmp/SLURM_2534788
==========================================
Lmod has detected the following error: These module(s) or extension(s) exist
but cannot be loaded as requested: "cuda/12.9.1"
   Try: "module spider cuda/12.9.1" to see how to load the module(s).




Inactive Modules:
  1) openblas/0.3.28     2) openmpi/5.0.5

Due to MODULEPATH changes, the following have been reloaded:
  1) python/3.11.9

The following have been reloaded with a version change:
  1) gcc/13.3.0 => gcc/14.3.0


CondaError: Run 'conda init' before 'conda activate'


# conda environments:
#
base                   /apps/conda/miniforge3/25.3.0
csci566-project      * /home1/lkyamamo/.conda/envs/csci566-project
ovito                  /home1/lkyamamo/.conda/envs/ovito
ovito_python           /home1/lkyamamo/.conda/envs/ovito_python

/apps/conda/miniforge3/25.3.0/bin/python
Traceback (most recent call last):
  File "/home1/lkyamamo/csci/566/StockPredictor/logan-version/main.py", line 1, in <module>
    import train
  File "/home1/lkyamamo/csci/566/StockPredictor/logan-version/train.py", line 1, in <module>
    import numpy as np
ModuleNotFoundError: No module named 'numpy'
